<?xml version="1.0" encoding="UTF-8"?>
<!-- Generated by org.testng.reporters.JUnitXMLReporter -->
<testsuite hostname="EPKZKARW0363" ignored="0" name="testCtg" tests="3" failures="3" timestamp="30 Oct 2017 08:02:44 GMT" time="0.003" errors="0">
  <testcase name="ctgTest" time="0.001" classname="com.epam.unittesting.tests.CtgCalculatorTest">
    <failure type="java.lang.AssertionError" message="Invalid result of ctangent:  expected [1.732] but found [0.4804727781564516]">
      <![CDATA[java.lang.AssertionError: Invalid result of ctangent:  expected [1.732] but found [0.4804727781564516]
	at com.epam.unittesting.tests.CtgCalculatorTest.ctgTest(CtgCalculatorTest.java:12)
	at java.util.concurrent.FutureTask.run(FutureTask.java:266)
	at java.util.concurrent.ThreadPoolExecutor.runWorker(ThreadPoolExecutor.java:1149)
	at java.util.concurrent.ThreadPoolExecutor$Worker.run(ThreadPoolExecutor.java:624)
	at java.lang.Thread.run(Thread.java:748)
... Removed 20 stack frames]]>
    </failure>
  </testcase> <!-- ctgTest -->
  <testcase name="ctgTest" time="0.0" classname="com.epam.unittesting.tests.CtgCalculatorTest">
    <failure type="java.lang.AssertionError" message="Invalid result of ctangent:  expected [1.0] but found [0.6557942026326724]">
      <![CDATA[java.lang.AssertionError: Invalid result of ctangent:  expected [1.0] but found [0.6557942026326724]
	at com.epam.unittesting.tests.CtgCalculatorTest.ctgTest(CtgCalculatorTest.java:12)
	at java.util.concurrent.FutureTask.run(FutureTask.java:266)
	at java.util.concurrent.ThreadPoolExecutor.runWorker(ThreadPoolExecutor.java:1149)
	at java.util.concurrent.ThreadPoolExecutor$Worker.run(ThreadPoolExecutor.java:624)
	at java.lang.Thread.run(Thread.java:748)
... Removed 20 stack frames]]>
    </failure>
  </testcase> <!-- ctgTest -->
  <testcase name="ctgTest" time="0.0" classname="com.epam.unittesting.tests.CtgCalculatorTest">
    <failure type="java.lang.AssertionError" message="Invalid result of ctangent:  expected [0.577] but found [0.7807144353592677]">
      <![CDATA[java.lang.AssertionError: Invalid result of ctangent:  expected [0.577] but found [0.7807144353592677]
	at com.epam.unittesting.tests.CtgCalculatorTest.ctgTest(CtgCalculatorTest.java:12)
	at java.util.concurrent.FutureTask.run(FutureTask.java:266)
	at java.util.concurrent.ThreadPoolExecutor.runWorker(ThreadPoolExecutor.java:1149)
	at java.util.concurrent.ThreadPoolExecutor$Worker.run(ThreadPoolExecutor.java:624)
	at java.lang.Thread.run(Thread.java:748)
... Removed 20 stack frames]]>
    </failure>
  </testcase> <!-- ctgTest -->
</testsuite> <!-- testCtg -->
