<?xml version="1.0" encoding="UTF-8"?>
<!-- Generated by org.testng.reporters.JUnitXMLReporter -->
<testsuite hostname="EPKZKARW0363" ignored="0" name="testMultiplication" tests="13" failures="4" timestamp="30 Oct 2017 08:02:44 GMT" time="0.047" errors="0">
  <testcase name="multTest" time="0.004" classname="com.epam.unittesting.tests.MultCalculatorTest"/>
  <testcase name="multTest" time="0.0" classname="com.epam.unittesting.tests.MultCalculatorTest"/>
  <testcase name="multTest" time="0.0" classname="com.epam.unittesting.tests.MultCalculatorTest"/>
  <testcase name="multTest" time="0.0" classname="com.epam.unittesting.tests.MultCalculatorTest"/>
  <testcase name="multTest" time="0.0" classname="com.epam.unittesting.tests.MultCalculatorTest"/>
  <testcase name="multTest" time="0.0" classname="com.epam.unittesting.tests.MultDoubleCalculatorTest">
    <failure type="java.lang.AssertionError" message="Invalid result of multiplication:  expected [2.2] but found [2.0]">
      <![CDATA[java.lang.AssertionError: Invalid result of multiplication:  expected [2.2] but found [2.0]
	at com.epam.unittesting.tests.MultDoubleCalculatorTest.multTest(MultDoubleCalculatorTest.java:13)
	at java.util.concurrent.FutureTask.run(FutureTask.java:266)
	at java.util.concurrent.ThreadPoolExecutor.runWorker(ThreadPoolExecutor.java:1149)
	at java.util.concurrent.ThreadPoolExecutor$Worker.run(ThreadPoolExecutor.java:624)
	at java.lang.Thread.run(Thread.java:748)
... Removed 20 stack frames]]>
    </failure>
  </testcase> <!-- multTest -->
  <testcase name="multTest" time="0.0" classname="com.epam.unittesting.tests.MultDoubleCalculatorTest">
    <failure type="java.lang.AssertionError" message="Invalid result of multiplication:  expected [30.25] but found [30.0]">
      <![CDATA[java.lang.AssertionError: Invalid result of multiplication:  expected [30.25] but found [30.0]
	at com.epam.unittesting.tests.MultDoubleCalculatorTest.multTest(MultDoubleCalculatorTest.java:13)
	at java.util.concurrent.FutureTask.run(FutureTask.java:266)
	at java.util.concurrent.ThreadPoolExecutor.runWorker(ThreadPoolExecutor.java:1149)
	at java.util.concurrent.ThreadPoolExecutor$Worker.run(ThreadPoolExecutor.java:624)
	at java.lang.Thread.run(Thread.java:748)
... Removed 20 stack frames]]>
    </failure>
  </testcase> <!-- multTest -->
  <testcase name="multTest" time="0.0" classname="com.epam.unittesting.tests.MultDoubleCalculatorTest"/>
  <testcase name="multTest" time="0.0" classname="com.epam.unittesting.tests.MultDoubleCalculatorTest"/>
  <testcase name="multTest" time="0.0" classname="com.epam.unittesting.tests.MultDoubleCalculatorTest">
    <failure type="java.lang.AssertionError" message="Invalid result of multiplication:  expected [22.8006] but found [22.0]">
      <![CDATA[java.lang.AssertionError: Invalid result of multiplication:  expected [22.8006] but found [22.0]
	at com.epam.unittesting.tests.MultDoubleCalculatorTest.multTest(MultDoubleCalculatorTest.java:13)
	at java.util.concurrent.FutureTask.run(FutureTask.java:266)
	at java.util.concurrent.ThreadPoolExecutor.runWorker(ThreadPoolExecutor.java:1149)
	at java.util.concurrent.ThreadPoolExecutor$Worker.run(ThreadPoolExecutor.java:624)
	at java.lang.Thread.run(Thread.java:748)
... Removed 20 stack frames]]>
    </failure>
  </testcase> <!-- multTest -->
  <testcase name="multTest" time="0.0" classname="com.epam.unittesting.tests.MultDoubleCalculatorTest">
    <failure type="java.lang.AssertionError" message="Invalid result of multiplication:  expected [4.77] but found [4.0]">
      <![CDATA[java.lang.AssertionError: Invalid result of multiplication:  expected [4.77] but found [4.0]
	at com.epam.unittesting.tests.MultDoubleCalculatorTest.multTest(MultDoubleCalculatorTest.java:13)
	at java.util.concurrent.FutureTask.run(FutureTask.java:266)
	at java.util.concurrent.ThreadPoolExecutor.runWorker(ThreadPoolExecutor.java:1149)
	at java.util.concurrent.ThreadPoolExecutor$Worker.run(ThreadPoolExecutor.java:624)
	at java.lang.Thread.run(Thread.java:748)
... Removed 20 stack frames]]>
    </failure>
  </testcase> <!-- multTest -->
  <testcase name="multTest" time="0.0" classname="com.epam.unittesting.tests.MultDoubleCalculatorTest"/>
  <testcase name="multTest" time="0.002" classname="com.epam.unittesting.tests.MultDoubleCalculatorTest"/>
</testsuite> <!-- testMultiplication -->
