<?xml version="1.0" encoding="UTF-8"?>
<!-- Generated by org.testng.reporters.JUnitXMLReporter -->
<testsuite hostname="EPKZKARW0363" ignored="0" name="testTg" tests="3" failures="2" timestamp="30 Oct 2017 08:02:44 GMT" time="0.002" errors="0">
  <testcase name="tgTest" time="0.0" classname="com.epam.unittesting.tests.TgCalculatorTest">
    <failure type="java.lang.AssertionError" message="Invalid result of tangent:  expected [0.5774] but found [1.0]">
      <![CDATA[java.lang.AssertionError: Invalid result of tangent:  expected [0.5774] but found [1.0]
	at com.epam.unittesting.tests.TgCalculatorTest.tgTest(TgCalculatorTest.java:12)
	at java.util.concurrent.FutureTask.run(FutureTask.java:266)
	at java.util.concurrent.ThreadPoolExecutor.runWorker(ThreadPoolExecutor.java:1149)
	at java.util.concurrent.ThreadPoolExecutor$Worker.run(ThreadPoolExecutor.java:624)
	at java.lang.Thread.run(Thread.java:748)
... Removed 20 stack frames]]>
    </failure>
  </testcase> <!-- tgTest -->
  <testcase name="tgTest" time="0.001" classname="com.epam.unittesting.tests.TgCalculatorTest"/>
  <testcase name="tgTest" time="0.0" classname="com.epam.unittesting.tests.TgCalculatorTest">
    <failure type="java.lang.AssertionError" message="Invalid result of tangent:  expected [1.7321] but found [1.0]">
      <![CDATA[java.lang.AssertionError: Invalid result of tangent:  expected [1.7321] but found [1.0]
	at com.epam.unittesting.tests.TgCalculatorTest.tgTest(TgCalculatorTest.java:12)
	at java.util.concurrent.FutureTask.run(FutureTask.java:266)
	at java.util.concurrent.ThreadPoolExecutor.runWorker(ThreadPoolExecutor.java:1149)
	at java.util.concurrent.ThreadPoolExecutor$Worker.run(ThreadPoolExecutor.java:624)
	at java.lang.Thread.run(Thread.java:748)
... Removed 20 stack frames]]>
    </failure>
  </testcase> <!-- tgTest -->
</testsuite> <!-- testTg -->
