<!DOCTYPE html PUBLIC "-//W3C//DTD XHTML 1.1//EN" "http://www.w3.org/TR/xhtml11/DTD/xhtml11.dtd">
<html xmlns="http://www.w3.org/1999/xhtml"><head><title>TestNG Report</title><style type="text/css">table {margin-bottom:10px;border-collapse:collapse;empty-cells:show}th,td {border:1px solid #009;padding:.25em .5em}th {vertical-align:bottom}td {vertical-align:top}table a {font-weight:bold}.stripe td {background-color: #E6EBF9}.num {text-align:right}.passedodd td {background-color: #3F3}.passedeven td {background-color: #0A0}.skippedodd td {background-color: #DDD}.skippedeven td {background-color: #CCC}.failedodd td,.attn {background-color: #F33}.failedeven td,.stripe .attn {background-color: #D00}.stacktrace {white-space:pre;font-family:monospace}.totop {font-size:85%;text-align:center;border-bottom:2px solid #000}</style></head><body><table><tr><th>Test</th><th># Passed</th><th># Skipped</th><th># Failed</th><th>Time (ms)</th><th>Included Groups</th><th>Excluded Groups</th></tr><tr><th colspan="7">Suite</th></tr><tr><td><a href="#t0">testMultiplication</a></td><td class="num">9</td><td class="num">0</td><td class="num attn">4</td><td class="num">47</td><td></td><td></td></tr><tr class="stripe"><td><a href="#t1">testSqrt</a></td><td class="num">6</td><td class="num">0</td><td class="num">0</td><td class="num">40</td><td></td><td></td></tr><tr><td><a href="#t2">testTg</a></td><td class="num">1</td><td class="num">0</td><td class="num attn">2</td><td class="num">2</td><td></td><td></td></tr><tr class="stripe"><td><a href="#t3">testSum</a></td><td class="num">17</td><td class="num">0</td><td class="num attn">5</td><td class="num">50</td><td></td><td></td></tr><tr><td><a href="#t4">testCos</a></td><td class="num">0</td><td class="num">0</td><td class="num attn">2</td><td class="num">3</td><td></td><td></td></tr><tr class="stripe"><td><a href="#t5">testCtg</a></td><td class="num">0</td><td class="num">0</td><td class="num attn">3</td><td class="num">3</td><td></td><td></td></tr><tr><td><a href="#t6">testDivision</a></td><td class="num">14</td><td class="num">0</td><td class="num attn">2</td><td class="num">51</td><td></td><td></td></tr><tr class="stripe"><td><a href="#t7">testSin</a></td><td class="num">3</td><td class="num">0</td><td class="num">0</td><td class="num">1</td><td></td><td></td></tr><tr><td><a href="#t8">testPow</a></td><td class="num">7</td><td class="num">0</td><td class="num">0</td><td class="num">47</td><td></td><td></td></tr><tr class="stripe"><td><a href="#t9">testIsPositive</a></td><td class="num">1</td><td class="num">0</td><td class="num attn">2</td><td class="num">2</td><td></td><td></td></tr><tr><td><a href="#t10">testIsNegative</a></td><td class="num">1</td><td class="num">0</td><td class="num attn">2</td><td class="num">2</td><td></td><td></td></tr><tr class="stripe"><td><a href="#t11">testSubtraction</a></td><td class="num">8</td><td class="num">0</td><td class="num attn">5</td><td class="num">46</td><td></td><td></td></tr><tr><th>Total</th><th class="num">67</th><th class="num">0</th><th class="num attn">27</th><th class="num">294</th><th colspan="2"></th></tr></table><table id='summary'><thead><tr><th>Class</th><th>Method</th><th>Start</th><th>Time (ms)</th></tr></thead><tbody><tr><th colspan="4">Suite</th></tr></tbody><tbody id="t0"><tr><th colspan="4">testMultiplication &#8212; failed</th></tr><tr class="failedeven"><td rowspan="4">com.epam.unittesting.tests.MultDoubleCalculatorTest</td><td><a href="#m0">multTest</a></td><td rowspan="4">1509350564609</td><td rowspan="4">0</td></tr><tr class="failedeven"><td><a href="#m1">multTest</a></td></tr><tr class="failedeven"><td><a href="#m2">multTest</a></td></tr><tr class="failedeven"><td><a href="#m3">multTest</a></td></tr><tr><th colspan="4">testMultiplication &#8212; passed</th></tr><tr class="passedeven"><td rowspan="5">com.epam.unittesting.tests.MultCalculatorTest</td><td><a href="#m4">multTest</a></td><td rowspan="5">1509350564602</td><td rowspan="5">0</td></tr><tr class="passedeven"><td><a href="#m5">multTest</a></td></tr><tr class="passedeven"><td><a href="#m6">multTest</a></td></tr><tr class="passedeven"><td><a href="#m7">multTest</a></td></tr><tr class="passedeven"><td><a href="#m8">multTest</a></td></tr><tr class="passedodd"><td rowspan="4">com.epam.unittesting.tests.MultDoubleCalculatorTest</td><td><a href="#m9">multTest</a></td><td rowspan="4">1509350564610</td><td rowspan="4">0</td></tr><tr class="passedodd"><td><a href="#m10">multTest</a></td></tr><tr class="passedodd"><td><a href="#m11">multTest</a></td></tr><tr class="passedodd"><td><a href="#m12">multTest</a></td></tr></tbody><tbody id="t1"><tr><th colspan="4">testSqrt &#8212; passed</th></tr><tr class="passedeven"><td rowspan="6">com.epam.unittesting.tests.SqrtCalculatorTest</td><td><a href="#m13">sqrtTest</a></td><td rowspan="6">1509350564603</td><td rowspan="6">1</td></tr><tr class="passedeven"><td><a href="#m14">sqrtTest</a></td></tr><tr class="passedeven"><td><a href="#m15">sqrtTest</a></td></tr><tr class="passedeven"><td><a href="#m16">sqrtTest</a></td></tr><tr class="passedeven"><td><a href="#m17">sqrtTest</a></td></tr><tr class="passedeven"><td><a href="#m18">sqrtTest</a></td></tr></tbody><tbody id="t2"><tr><th colspan="4">testTg &#8212; failed</th></tr><tr class="failedeven"><td rowspan="2">com.epam.unittesting.tests.TgCalculatorTest</td><td><a href="#m19">tgTest</a></td><td rowspan="2">1509350564660</td><td rowspan="2">0</td></tr><tr class="failedeven"><td><a href="#m20">tgTest</a></td></tr><tr><th colspan="4">testTg &#8212; passed</th></tr><tr class="passedeven"><td rowspan="1">com.epam.unittesting.tests.TgCalculatorTest</td><td><a href="#m21">tgTest</a></td><td rowspan="1">1509350564659</td><td rowspan="1">1</td></tr></tbody><tbody id="t3"><tr><th colspan="4">testSum &#8212; failed</th></tr><tr class="failedeven"><td rowspan="5">com.epam.unittesting.tests.SumDoubleCalculatorTest</td><td><a href="#m22">sumDoubleTest</a></td><td rowspan="5">1509350564604</td><td rowspan="5">0</td></tr><tr class="failedeven"><td><a href="#m23">sumDoubleTest</a></td></tr><tr class="failedeven"><td><a href="#m24">sumDoubleTest</a></td></tr><tr class="failedeven"><td><a href="#m25">sumDoubleTest</a></td></tr><tr class="failedeven"><td><a href="#m26">sumDoubleTest</a></td></tr><tr><th colspan="4">testSum &#8212; passed</th></tr><tr class="passedeven"><td rowspan="6">com.epam.unittesting.tests.SumCalculatorTest</td><td><a href="#m27">testSum</a></td><td rowspan="3">1509350564597</td><td rowspan="3">1</td></tr><tr class="passedeven"><td><a href="#m28">testSum</a></td></tr><tr class="passedeven"><td><a href="#m29">testSum</a></td></tr><tr class="passedeven"><td><a href="#m30">testSum1</a></td><td rowspan="3">1509350564611</td><td rowspan="3">0</td></tr><tr class="passedeven"><td><a href="#m31">testSum1</a></td></tr><tr class="passedeven"><td><a href="#m32">testSum1</a></td></tr><tr class="passedodd"><td rowspan="11">com.epam.unittesting.tests.SumDoubleCalculatorTest</td><td><a href="#m33">sumDoubleTest</a></td><td rowspan="11">1509350564603</td><td rowspan="11">0</td></tr><tr class="passedodd"><td><a href="#m34">sumDoubleTest</a></td></tr><tr class="passedodd"><td><a href="#m35">sumDoubleTest</a></td></tr><tr class="passedodd"><td><a href="#m36">sumDoubleTest</a></td></tr><tr class="passedodd"><td><a href="#m37">sumDoubleTest</a></td></tr><tr class="passedodd"><td><a href="#m38">sumDoubleTest</a></td></tr><tr class="passedodd"><td><a href="#m39">sumDoubleTest</a></td></tr><tr class="passedodd"><td><a href="#m40">sumDoubleTest</a></td></tr><tr class="passedodd"><td><a href="#m41">sumDoubleTest</a></td></tr><tr class="passedodd"><td><a href="#m42">sumDoubleTest</a></td></tr><tr class="passedodd"><td><a href="#m43">sumDoubleTest</a></td></tr></tbody><tbody id="t4"><tr><th colspan="4">testCos &#8212; failed</th></tr><tr class="failedeven"><td rowspan="2">com.epam.unittesting.tests.CosCalculatorTest</td><td><a href="#m44">cosTest</a></td><td rowspan="2">1509350564667</td><td rowspan="2">0</td></tr><tr class="failedeven"><td><a href="#m45">cosTest</a></td></tr></tbody><tbody id="t5"><tr><th colspan="4">testCtg &#8212; failed</th></tr><tr class="failedeven"><td rowspan="3">com.epam.unittesting.tests.CtgCalculatorTest</td><td><a href="#m46">ctgTest</a></td><td rowspan="3">1509350564660</td><td rowspan="3">1</td></tr><tr class="failedeven"><td><a href="#m47">ctgTest</a></td></tr><tr class="failedeven"><td><a href="#m48">ctgTest</a></td></tr></tbody><tbody id="t6"><tr><th colspan="4">testDivision &#8212; failed</th></tr><tr class="failedeven"><td rowspan="2">com.epam.unittesting.tests.DivDoubleCalculatorTest</td><td><a href="#m49">divTest</a></td><td rowspan="2">1509350564616</td><td rowspan="2">0</td></tr><tr class="failedeven"><td><a href="#m50">divTest</a></td></tr><tr><th colspan="4">testDivision &#8212; passed</th></tr><tr class="passedeven"><td rowspan="7">com.epam.unittesting.tests.DivCalculatorTest</td><td><a href="#m51">divTest</a></td><td rowspan="7">1509350564600</td><td rowspan="7">0</td></tr><tr class="passedeven"><td><a href="#m52">divTest</a></td></tr><tr class="passedeven"><td><a href="#m53">divTest</a></td></tr><tr class="passedeven"><td><a href="#m54">divTest</a></td></tr><tr class="passedeven"><td><a href="#m55">divTest</a></td></tr><tr class="passedeven"><td><a href="#m56">divTest</a></td></tr><tr class="passedeven"><td><a href="#m57">divTest</a></td></tr><tr class="passedodd"><td rowspan="7">com.epam.unittesting.tests.DivDoubleCalculatorTest</td><td><a href="#m58">divTest</a></td><td rowspan="7">1509350564615</td><td rowspan="7">0</td></tr><tr class="passedodd"><td><a href="#m59">divTest</a></td></tr><tr class="passedodd"><td><a href="#m60">divTest</a></td></tr><tr class="passedodd"><td><a href="#m61">divTest</a></td></tr><tr class="passedodd"><td><a href="#m62">divTest</a></td></tr><tr class="passedodd"><td><a href="#m63">divTest</a></td></tr><tr class="passedodd"><td><a href="#m64">divTest</a></td></tr></tbody><tbody id="t7"><tr><th colspan="4">testSin &#8212; passed</th></tr><tr class="passedeven"><td rowspan="3">com.epam.unittesting.tests.SinCalculatorTest</td><td><a href="#m65">sinTest</a></td><td rowspan="3">1509350564674</td><td rowspan="3">0</td></tr><tr class="passedeven"><td><a href="#m66">sinTest</a></td></tr><tr class="passedeven"><td><a href="#m67">sinTest</a></td></tr></tbody><tbody id="t8"><tr><th colspan="4">testPow &#8212; passed</th></tr><tr class="passedeven"><td rowspan="7">com.epam.unittesting.tests.PowCalculatorTest</td><td><a href="#m68">powTest</a></td><td rowspan="7">1509350564611</td><td rowspan="7">0</td></tr><tr class="passedeven"><td><a href="#m69">powTest</a></td></tr><tr class="passedeven"><td><a href="#m70">powTest</a></td></tr><tr class="passedeven"><td><a href="#m71">powTest</a></td></tr><tr class="passedeven"><td><a href="#m72">powTest</a></td></tr><tr class="passedeven"><td><a href="#m73">powTest</a></td></tr><tr class="passedeven"><td><a href="#m74">powTest</a></td></tr></tbody><tbody id="t9"><tr><th colspan="4">testIsPositive &#8212; failed</th></tr><tr class="failedeven"><td rowspan="2">com.epam.unittesting.tests.IsPositiveCalculatorTest</td><td><a href="#m75">isPositiveTest</a></td><td rowspan="2">1509350564675</td><td rowspan="2">0</td></tr><tr class="failedeven"><td><a href="#m76">isPositiveTest</a></td></tr><tr><th colspan="4">testIsPositive &#8212; passed</th></tr><tr class="passedeven"><td rowspan="1">com.epam.unittesting.tests.IsPositiveCalculatorTest</td><td><a href="#m77">isPositiveTest</a></td><td rowspan="1">1509350564675</td><td rowspan="1">0</td></tr></tbody><tbody id="t10"><tr><th colspan="4">testIsNegative &#8212; failed</th></tr><tr class="failedeven"><td rowspan="2">com.epam.unittesting.tests.IsNegativeCalculatorTest</td><td><a href="#m78">isNegativeTest</a></td><td rowspan="2">1509350564675</td><td rowspan="2">1</td></tr><tr class="failedeven"><td><a href="#m79">isNegativeTest</a></td></tr><tr><th colspan="4">testIsNegative &#8212; passed</th></tr><tr class="passedeven"><td rowspan="1">com.epam.unittesting.tests.IsNegativeCalculatorTest</td><td><a href="#m80">isNegativeTest</a></td><td rowspan="1">1509350564676</td><td rowspan="1">0</td></tr></tbody><tbody id="t11"><tr><th colspan="4">testSubtraction &#8212; failed</th></tr><tr class="failedeven"><td rowspan="5">com.epam.unittesting.tests.SubDoubleCalculatorTest</td><td><a href="#m81">subDoubleTest</a></td><td rowspan="5">1509350564610</td><td rowspan="5">0</td></tr><tr class="failedeven"><td><a href="#m82">subDoubleTest</a></td></tr><tr class="failedeven"><td><a href="#m83">subDoubleTest</a></td></tr><tr class="failedeven"><td><a href="#m84">subDoubleTest</a></td></tr><tr class="failedeven"><td><a href="#m85">subDoubleTest</a></td></tr><tr><th colspan="4">testSubtraction &#8212; passed</th></tr><tr class="passedeven"><td rowspan="5">com.epam.unittesting.tests.SubCalculatorTest</td><td><a href="#m86">subTest</a></td><td rowspan="5">1509350564598</td><td rowspan="5">0</td></tr><tr class="passedeven"><td><a href="#m87">subTest</a></td></tr><tr class="passedeven"><td><a href="#m88">subTest</a></td></tr><tr class="passedeven"><td><a href="#m89">subTest</a></td></tr><tr class="passedeven"><td><a href="#m90">subTest</a></td></tr><tr class="passedodd"><td rowspan="3">com.epam.unittesting.tests.SubDoubleCalculatorTest</td><td><a href="#m91">subDoubleTest</a></td><td rowspan="3">1509350564608</td><td rowspan="3">1</td></tr><tr class="passedodd"><td><a href="#m92">subDoubleTest</a></td></tr><tr class="passedodd"><td><a href="#m93">subDoubleTest</a></td></tr></tbody></table><h2>testMultiplication</h2><h3 id="m0">com.epam.unittesting.tests.MultDoubleCalculatorTest#multTest</h3><table class="result"><tr class="param"><th>Parameter #1</th><th>Parameter #2</th><th>Parameter #3</th></tr><tr class="param stripe"><td>1.1</td><td>2</td><td>2.2</td></tr><tr><th colspan="3">Exception</th></tr><tr><td colspan="3"><div class="stacktrace">java.lang.AssertionError: Invalid result of multiplication:  expected [2.2] but found [2.0]
	at com.epam.unittesting.tests.MultDoubleCalculatorTest.multTest(MultDoubleCalculatorTest.java:13)
	at java.util.concurrent.FutureTask.run(FutureTask.java:266)
	at java.util.concurrent.ThreadPoolExecutor.runWorker(ThreadPoolExecutor.java:1149)
	at java.util.concurrent.ThreadPoolExecutor$Worker.run(ThreadPoolExecutor.java:624)
	at java.lang.Thread.run(Thread.java:748)
... Removed 20 stack frames</div></td></tr></table><p class="totop"><a href="#summary">back to summary</a></p><h3 id="m1">com.epam.unittesting.tests.MultDoubleCalculatorTest#multTest</h3><table class="result"><tr class="param"><th>Parameter #1</th><th>Parameter #2</th><th>Parameter #3</th></tr><tr class="param stripe"><td>5.5</td><td>5.5</td><td>30.25</td></tr><tr><th colspan="3">Exception</th></tr><tr><td colspan="3"><div class="stacktrace">java.lang.AssertionError: Invalid result of multiplication:  expected [30.25] but found [30.0]
	at com.epam.unittesting.tests.MultDoubleCalculatorTest.multTest(MultDoubleCalculatorTest.java:13)
	at java.util.concurrent.FutureTask.run(FutureTask.java:266)
	at java.util.concurrent.ThreadPoolExecutor.runWorker(ThreadPoolExecutor.java:1149)
	at java.util.concurrent.ThreadPoolExecutor$Worker.run(ThreadPoolExecutor.java:624)
	at java.lang.Thread.run(Thread.java:748)
... Removed 20 stack frames</div></td></tr></table><p class="totop"><a href="#summary">back to summary</a></p><h3 id="m2">com.epam.unittesting.tests.MultDoubleCalculatorTest#multTest</h3><table class="result"><tr class="param"><th>Parameter #1</th><th>Parameter #2</th><th>Parameter #3</th></tr><tr class="param stripe"><td>4.77</td><td>1</td><td>4.77</td></tr><tr><th colspan="3">Exception</th></tr><tr><td colspan="3"><div class="stacktrace">java.lang.AssertionError: Invalid result of multiplication:  expected [4.77] but found [4.0]
	at com.epam.unittesting.tests.MultDoubleCalculatorTest.multTest(MultDoubleCalculatorTest.java:13)
	at java.util.concurrent.FutureTask.run(FutureTask.java:266)
	at java.util.concurrent.ThreadPoolExecutor.runWorker(ThreadPoolExecutor.java:1149)
	at java.util.concurrent.ThreadPoolExecutor$Worker.run(ThreadPoolExecutor.java:624)
	at java.lang.Thread.run(Thread.java:748)
... Removed 20 stack frames</div></td></tr></table><p class="totop"><a href="#summary">back to summary</a></p><h3 id="m3">com.epam.unittesting.tests.MultDoubleCalculatorTest#multTest</h3><table class="result"><tr class="param"><th>Parameter #1</th><th>Parameter #2</th><th>Parameter #3</th></tr><tr class="param stripe"><td>4.77</td><td>4.78</td><td>22.8006</td></tr><tr><th colspan="3">Exception</th></tr><tr><td colspan="3"><div class="stacktrace">java.lang.AssertionError: Invalid result of multiplication:  expected [22.8006] but found [22.0]
	at com.epam.unittesting.tests.MultDoubleCalculatorTest.multTest(MultDoubleCalculatorTest.java:13)
	at java.util.concurrent.FutureTask.run(FutureTask.java:266)
	at java.util.concurrent.ThreadPoolExecutor.runWorker(ThreadPoolExecutor.java:1149)
	at java.util.concurrent.ThreadPoolExecutor$Worker.run(ThreadPoolExecutor.java:624)
	at java.lang.Thread.run(Thread.java:748)
... Removed 20 stack frames</div></td></tr></table><p class="totop"><a href="#summary">back to summary</a></p><h3 id="m4">com.epam.unittesting.tests.MultCalculatorTest#multTest</h3><table class="result"><tr class="param"><th>Parameter #1</th><th>Parameter #2</th><th>Parameter #3</th></tr><tr class="param stripe"><td>10</td><td>-15</td><td>-150</td></tr></table><p class="totop"><a href="#summary">back to summary</a></p><h3 id="m5">com.epam.unittesting.tests.MultCalculatorTest#multTest</h3><table class="result"><tr class="param"><th>Parameter #1</th><th>Parameter #2</th><th>Parameter #3</th></tr><tr class="param stripe"><td>5</td><td>5</td><td>25</td></tr></table><p class="totop"><a href="#summary">back to summary</a></p><h3 id="m6">com.epam.unittesting.tests.MultCalculatorTest#multTest</h3><table class="result"><tr class="param"><th>Parameter #1</th><th>Parameter #2</th><th>Parameter #3</th></tr><tr class="param stripe"><td>-10</td><td>-15</td><td>150</td></tr></table><p class="totop"><a href="#summary">back to summary</a></p><h3 id="m7">com.epam.unittesting.tests.MultCalculatorTest#multTest</h3><table class="result"><tr class="param"><th>Parameter #1</th><th>Parameter #2</th><th>Parameter #3</th></tr><tr class="param stripe"><td>4</td><td>0</td><td>0</td></tr></table><p class="totop"><a href="#summary">back to summary</a></p><h3 id="m8">com.epam.unittesting.tests.MultCalculatorTest#multTest</h3><table class="result"><tr class="param"><th>Parameter #1</th><th>Parameter #2</th><th>Parameter #3</th></tr><tr class="param stripe"><td>16</td><td>10</td><td>160</td></tr></table><p class="totop"><a href="#summary">back to summary</a></p><h3 id="m9">com.epam.unittesting.tests.MultDoubleCalculatorTest#multTest</h3><table class="result"><tr class="param"><th>Parameter #1</th><th>Parameter #2</th><th>Parameter #3</th></tr><tr class="param stripe"><td>4.1</td><td>0</td><td>0</td></tr></table><p class="totop"><a href="#summary">back to summary</a></p><h3 id="m10">com.epam.unittesting.tests.MultDoubleCalculatorTest#multTest</h3><table class="result"><tr class="param"><th>Parameter #1</th><th>Parameter #2</th><th>Parameter #3</th></tr><tr class="param stripe"><td>0</td><td>4.1</td><td>0</td></tr></table><p class="totop"><a href="#summary">back to summary</a></p><h3 id="m11">com.epam.unittesting.tests.MultDoubleCalculatorTest#multTest</h3><table class="result"><tr class="param"><th>Parameter #1</th><th>Parameter #2</th><th>Parameter #3</th></tr><tr class="param stripe"><td>10</td><td>-15.1</td><td>-151</td></tr></table><p class="totop"><a href="#summary">back to summary</a></p><h3 id="m12">com.epam.unittesting.tests.MultDoubleCalculatorTest#multTest</h3><table class="result"><tr class="param"><th>Parameter #1</th><th>Parameter #2</th><th>Parameter #3</th></tr><tr class="param stripe"><td>-10</td><td>-15</td><td>150</td></tr></table><p class="totop"><a href="#summary">back to summary</a></p><h2>testSqrt</h2><h3 id="m13">com.epam.unittesting.tests.SqrtCalculatorTest#sqrtTest</h3><table class="result"><tr class="param"><th>Parameter #1</th><th>Parameter #2</th></tr><tr class="param stripe"><td>0</td><td>0</td></tr></table><p class="totop"><a href="#summary">back to summary</a></p><h3 id="m14">com.epam.unittesting.tests.SqrtCalculatorTest#sqrtTest</h3><table class="result"><tr class="param"><th>Parameter #1</th><th>Parameter #2</th></tr><tr class="param stripe"><td>9</td><td>3</td></tr></table><p class="totop"><a href="#summary">back to summary</a></p><h3 id="m15">com.epam.unittesting.tests.SqrtCalculatorTest#sqrtTest</h3><table class="result"><tr class="param"><th>Parameter #1</th><th>Parameter #2</th></tr><tr class="param stripe"><td>49</td><td>7</td></tr></table><p class="totop"><a href="#summary">back to summary</a></p><h3 id="m16">com.epam.unittesting.tests.SqrtCalculatorTest#sqrtTest</h3><table class="result"><tr class="param"><th>Parameter #1</th><th>Parameter #2</th></tr><tr class="param stripe"><td>-49</td><td>7</td></tr></table><p class="totop"><a href="#summary">back to summary</a></p><h3 id="m17">com.epam.unittesting.tests.SqrtCalculatorTest#sqrtTest</h3><table class="result"><tr class="param"><th>Parameter #1</th><th>Parameter #2</th></tr><tr class="param stripe"><td>1.21</td><td>1.1</td></tr></table><p class="totop"><a href="#summary">back to summary</a></p><h3 id="m18">com.epam.unittesting.tests.SqrtCalculatorTest#sqrtTest</h3><table class="result"><tr class="param"><th>Parameter #1</th><th>Parameter #2</th></tr><tr class="param stripe"><td>4</td><td>2</td></tr></table><p class="totop"><a href="#summary">back to summary</a></p><h2>testTg</h2><h3 id="m19">com.epam.unittesting.tests.TgCalculatorTest#tgTest</h3><table class="result"><tr class="param"><th>Parameter #1</th><th>Parameter #2</th></tr><tr class="param stripe"><td>60.0</td><td>1.7321</td></tr><tr><th colspan="2">Exception</th></tr><tr><td colspan="2"><div class="stacktrace">java.lang.AssertionError: Invalid result of tangent:  expected [1.7321] but found [1.0]
	at com.epam.unittesting.tests.TgCalculatorTest.tgTest(TgCalculatorTest.java:12)
	at java.util.concurrent.FutureTask.run(FutureTask.java:266)
	at java.util.concurrent.ThreadPoolExecutor.runWorker(ThreadPoolExecutor.java:1149)
	at java.util.concurrent.ThreadPoolExecutor$Worker.run(ThreadPoolExecutor.java:624)
	at java.lang.Thread.run(Thread.java:748)
... Removed 20 stack frames</div></td></tr></table><p class="totop"><a href="#summary">back to summary</a></p><h3 id="m20">com.epam.unittesting.tests.TgCalculatorTest#tgTest</h3><table class="result"><tr class="param"><th>Parameter #1</th><th>Parameter #2</th></tr><tr class="param stripe"><td>30.0</td><td>0.5774</td></tr><tr><th colspan="2">Exception</th></tr><tr><td colspan="2"><div class="stacktrace">java.lang.AssertionError: Invalid result of tangent:  expected [0.5774] but found [1.0]
	at com.epam.unittesting.tests.TgCalculatorTest.tgTest(TgCalculatorTest.java:12)
	at java.util.concurrent.FutureTask.run(FutureTask.java:266)
	at java.util.concurrent.ThreadPoolExecutor.runWorker(ThreadPoolExecutor.java:1149)
	at java.util.concurrent.ThreadPoolExecutor$Worker.run(ThreadPoolExecutor.java:624)
	at java.lang.Thread.run(Thread.java:748)
... Removed 20 stack frames</div></td></tr></table><p class="totop"><a href="#summary">back to summary</a></p><h3 id="m21">com.epam.unittesting.tests.TgCalculatorTest#tgTest</h3><table class="result"><tr class="param"><th>Parameter #1</th><th>Parameter #2</th></tr><tr class="param stripe"><td>45</td><td>1</td></tr></table><p class="totop"><a href="#summary">back to summary</a></p><h2>testSum</h2><h3 id="m22">com.epam.unittesting.tests.SumDoubleCalculatorTest#sumDoubleTest</h3><table class="result"><tr class="param"><th>Parameter #1</th><th>Parameter #2</th><th>Parameter #3</th></tr><tr class="param stripe"><td>16.0</td><td>-44.8</td><td>-28.8</td></tr><tr><th colspan="3">Exception</th></tr><tr><td colspan="3"><div class="stacktrace">java.lang.AssertionError: Invalid result of sum: expected [-28.8] but found [-28.799999999999997]
	at com.epam.unittesting.tests.SumDoubleCalculatorTest.sumDoubleTest(SumDoubleCalculatorTest.java:13)
	at java.util.concurrent.FutureTask.run(FutureTask.java:266)
	at java.util.concurrent.ThreadPoolExecutor.runWorker(ThreadPoolExecutor.java:1149)
	at java.util.concurrent.ThreadPoolExecutor$Worker.run(ThreadPoolExecutor.java:624)
	at java.lang.Thread.run(Thread.java:748)
... Removed 20 stack frames</div></td></tr></table><p class="totop"><a href="#summary">back to summary</a></p><h3 id="m23">com.epam.unittesting.tests.SumDoubleCalculatorTest#sumDoubleTest</h3><table class="result"><tr class="param"><th>Parameter #1</th><th>Parameter #2</th><th>Parameter #3</th></tr><tr class="param stripe"><td>16.0</td><td>-44.7</td><td>-28.7</td></tr><tr><th colspan="3">Exception</th></tr><tr><td colspan="3"><div class="stacktrace">java.lang.AssertionError: Invalid result of sum: expected [-28.7] but found [-28.700000000000003]
	at com.epam.unittesting.tests.SumDoubleCalculatorTest.sumDoubleTest(SumDoubleCalculatorTest.java:13)
	at java.util.concurrent.FutureTask.run(FutureTask.java:266)
	at java.util.concurrent.ThreadPoolExecutor.runWorker(ThreadPoolExecutor.java:1149)
	at java.util.concurrent.ThreadPoolExecutor$Worker.run(ThreadPoolExecutor.java:624)
	at java.lang.Thread.run(Thread.java:748)
... Removed 20 stack frames</div></td></tr></table><p class="totop"><a href="#summary">back to summary</a></p><h3 id="m24">com.epam.unittesting.tests.SumDoubleCalculatorTest#sumDoubleTest</h3><table class="result"><tr class="param"><th>Parameter #1</th><th>Parameter #2</th><th>Parameter #3</th></tr><tr class="param stripe"><td>16.0</td><td>-44.2</td><td>-28.2</td></tr><tr><th colspan="3">Exception</th></tr><tr><td colspan="3"><div class="stacktrace">java.lang.AssertionError: Invalid result of sum: expected [-28.2] but found [-28.200000000000003]
	at com.epam.unittesting.tests.SumDoubleCalculatorTest.sumDoubleTest(SumDoubleCalculatorTest.java:13)
	at java.util.concurrent.FutureTask.run(FutureTask.java:266)
	at java.util.concurrent.ThreadPoolExecutor.runWorker(ThreadPoolExecutor.java:1149)
	at java.util.concurrent.ThreadPoolExecutor$Worker.run(ThreadPoolExecutor.java:624)
	at java.lang.Thread.run(Thread.java:748)
... Removed 20 stack frames</div></td></tr></table><p class="totop"><a href="#summary">back to summary</a></p><h3 id="m25">com.epam.unittesting.tests.SumDoubleCalculatorTest#sumDoubleTest</h3><table class="result"><tr class="param"><th>Parameter #1</th><th>Parameter #2</th><th>Parameter #3</th></tr><tr class="param stripe"><td>16.0</td><td>-44.3</td><td>-28.3</td></tr><tr><th colspan="3">Exception</th></tr><tr><td colspan="3"><div class="stacktrace">java.lang.AssertionError: Invalid result of sum: expected [-28.3] but found [-28.299999999999997]
	at com.epam.unittesting.tests.SumDoubleCalculatorTest.sumDoubleTest(SumDoubleCalculatorTest.java:13)
	at java.util.concurrent.FutureTask.run(FutureTask.java:266)
	at java.util.concurrent.ThreadPoolExecutor.runWorker(ThreadPoolExecutor.java:1149)
	at java.util.concurrent.ThreadPoolExecutor$Worker.run(ThreadPoolExecutor.java:624)
	at java.lang.Thread.run(Thread.java:748)
... Removed 20 stack frames</div></td></tr></table><p class="totop"><a href="#summary">back to summary</a></p><h3 id="m26">com.epam.unittesting.tests.SumDoubleCalculatorTest#sumDoubleTest</h3><table class="result"><tr class="param"><th>Parameter #1</th><th>Parameter #2</th><th>Parameter #3</th></tr><tr class="param stripe"><td>16.0</td><td>-44.7</td><td>-28.1</td></tr><tr><th colspan="3">Exception</th></tr><tr><td colspan="3"><div class="stacktrace">java.lang.AssertionError: Invalid result of sum: expected [-28.1] but found [-28.700000000000003]
	at com.epam.unittesting.tests.SumDoubleCalculatorTest.sumDoubleTest(SumDoubleCalculatorTest.java:13)
	at java.util.concurrent.FutureTask.run(FutureTask.java:266)
	at java.util.concurrent.ThreadPoolExecutor.runWorker(ThreadPoolExecutor.java:1149)
	at java.util.concurrent.ThreadPoolExecutor$Worker.run(ThreadPoolExecutor.java:624)
	at java.lang.Thread.run(Thread.java:748)
... Removed 20 stack frames</div></td></tr></table><p class="totop"><a href="#summary">back to summary</a></p><h3 id="m27">com.epam.unittesting.tests.SumCalculatorTest#testSum</h3><table class="result"><tr class="param"><th>Parameter #1</th><th>Parameter #2</th><th>Parameter #3</th></tr><tr class="param stripe"><td>2</td><td>3</td><td>5</td></tr></table><p class="totop"><a href="#summary">back to summary</a></p><h3 id="m28">com.epam.unittesting.tests.SumCalculatorTest#testSum</h3><table class="result"><tr class="param"><th>Parameter #1</th><th>Parameter #2</th><th>Parameter #3</th></tr><tr class="param stripe"><td>2</td><td>2</td><td>4</td></tr></table><p class="totop"><a href="#summary">back to summary</a></p><h3 id="m29">com.epam.unittesting.tests.SumCalculatorTest#testSum</h3><table class="result"><tr class="param"><th>Parameter #1</th><th>Parameter #2</th><th>Parameter #3</th></tr><tr class="param stripe"><td>1</td><td>0</td><td>1</td></tr></table><p class="totop"><a href="#summary">back to summary</a></p><h3 id="m30">com.epam.unittesting.tests.SumCalculatorTest#testSum1</h3><table class="result"><tr class="param"><th>Parameter #1</th><th>Parameter #2</th><th>Parameter #3</th></tr><tr class="param stripe"><td>214</td><td>305</td><td>519</td></tr></table><p class="totop"><a href="#summary">back to summary</a></p><h3 id="m31">com.epam.unittesting.tests.SumCalculatorTest#testSum1</h3><table class="result"><tr class="param"><th>Parameter #1</th><th>Parameter #2</th><th>Parameter #3</th></tr><tr class="param stripe"><td>10</td><td>10</td><td>20</td></tr></table><p class="totop"><a href="#summary">back to summary</a></p><h3 id="m32">com.epam.unittesting.tests.SumCalculatorTest#testSum1</h3><table class="result"><tr class="param"><th>Parameter #1</th><th>Parameter #2</th><th>Parameter #3</th></tr><tr class="param stripe"><td>44</td><td>6</td><td>50</td></tr></table><p class="totop"><a href="#summary">back to summary</a></p><h3 id="m33">com.epam.unittesting.tests.SumDoubleCalculatorTest#sumDoubleTest</h3><table class="result"><tr class="param"><th>Parameter #1</th><th>Parameter #2</th><th>Parameter #3</th></tr><tr class="param stripe"><td>16.0</td><td>-44.9</td><td>-28.9</td></tr></table><p class="totop"><a href="#summary">back to summary</a></p><h3 id="m34">com.epam.unittesting.tests.SumDoubleCalculatorTest#sumDoubleTest</h3><table class="result"><tr class="param"><th>Parameter #1</th><th>Parameter #2</th><th>Parameter #3</th></tr><tr class="param stripe"><td>214.5</td><td>305.5</td><td>520</td></tr></table><p class="totop"><a href="#summary">back to summary</a></p><h3 id="m35">com.epam.unittesting.tests.SumDoubleCalculatorTest#sumDoubleTest</h3><table class="result"><tr class="param"><th>Parameter #1</th><th>Parameter #2</th><th>Parameter #3</th></tr><tr class="param stripe"><td>16.0</td><td>-44.4</td><td>-28.4</td></tr></table><p class="totop"><a href="#summary">back to summary</a></p><h3 id="m36">com.epam.unittesting.tests.SumDoubleCalculatorTest#sumDoubleTest</h3><table class="result"><tr class="param"><th>Parameter #1</th><th>Parameter #2</th><th>Parameter #3</th></tr><tr class="param stripe"><td>-16.0</td><td>-44.1</td><td>-60.1</td></tr></table><p class="totop"><a href="#summary">back to summary</a></p><h3 id="m37">com.epam.unittesting.tests.SumDoubleCalculatorTest#sumDoubleTest</h3><table class="result"><tr class="param"><th>Parameter #1</th><th>Parameter #2</th><th>Parameter #3</th></tr><tr class="param stripe"><td>44.9</td><td>16.1</td><td>61</td></tr></table><p class="totop"><a href="#summary">back to summary</a></p><h3 id="m38">com.epam.unittesting.tests.SumDoubleCalculatorTest#sumDoubleTest</h3><table class="result"><tr class="param"><th>Parameter #1</th><th>Parameter #2</th><th>Parameter #3</th></tr><tr class="param stripe"><td>16.0</td><td>-44.5</td><td>-28.5</td></tr></table><p class="totop"><a href="#summary">back to summary</a></p><h3 id="m39">com.epam.unittesting.tests.SumDoubleCalculatorTest#sumDoubleTest</h3><table class="result"><tr class="param"><th>Parameter #1</th><th>Parameter #2</th><th>Parameter #3</th></tr><tr class="param stripe"><td>-16.0</td><td>44.9</td><td>28.9</td></tr></table><p class="totop"><a href="#summary">back to summary</a></p><h3 id="m40">com.epam.unittesting.tests.SumDoubleCalculatorTest#sumDoubleTest</h3><table class="result"><tr class="param"><th>Parameter #1</th><th>Parameter #2</th><th>Parameter #3</th></tr><tr class="param stripe"><td>16.0</td><td>-44.6</td><td>-28.6</td></tr></table><p class="totop"><a href="#summary">back to summary</a></p><h3 id="m41">com.epam.unittesting.tests.SumDoubleCalculatorTest#sumDoubleTest</h3><table class="result"><tr class="param"><th>Parameter #1</th><th>Parameter #2</th><th>Parameter #3</th></tr><tr class="param stripe"><td>10.1</td><td>10.3</td><td>20.4</td></tr></table><p class="totop"><a href="#summary">back to summary</a></p><h3 id="m42">com.epam.unittesting.tests.SumDoubleCalculatorTest#sumDoubleTest</h3><table class="result"><tr class="param"><th>Parameter #1</th><th>Parameter #2</th><th>Parameter #3</th></tr><tr class="param stripe"><td>44.7</td><td>16</td><td>60.7</td></tr></table><p class="totop"><a href="#summary">back to summary</a></p><h3 id="m43">com.epam.unittesting.tests.SumDoubleCalculatorTest#sumDoubleTest</h3><table class="result"><tr class="param"><th>Parameter #1</th><th>Parameter #2</th><th>Parameter #3</th></tr><tr class="param stripe"><td>44.0</td><td>16</td><td>60</td></tr></table><p class="totop"><a href="#summary">back to summary</a></p><h2>testCos</h2><h3 id="m44">com.epam.unittesting.tests.CosCalculatorTest#cosTest</h3><table class="result"><tr class="param"><th>Parameter #1</th><th>Parameter #2</th></tr><tr class="param stripe"><td>1</td><td>0.54030230586814</td></tr><tr><th colspan="2">Exception</th></tr><tr><td colspan="2"><div class="stacktrace">java.lang.AssertionError: Invalid result of cos:  expected [0.54030230586814] but found [0.01745240643728351]
	at com.epam.unittesting.tests.CosCalculatorTest.cosTest(CosCalculatorTest.java:13)
	at java.util.concurrent.FutureTask.run(FutureTask.java:266)
	at java.util.concurrent.ThreadPoolExecutor.runWorker(ThreadPoolExecutor.java:1149)
	at java.util.concurrent.ThreadPoolExecutor$Worker.run(ThreadPoolExecutor.java:624)
	at java.lang.Thread.run(Thread.java:748)
... Removed 20 stack frames</div></td></tr></table><p class="totop"><a href="#summary">back to summary</a></p><h3 id="m45">com.epam.unittesting.tests.CosCalculatorTest#cosTest</h3><table class="result"><tr class="param"><th>Parameter #1</th><th>Parameter #2</th></tr><tr class="param stripe"><td>50</td><td>0.96496602849211</td></tr><tr><th colspan="2">Exception</th></tr><tr><td colspan="2"><div class="stacktrace">java.lang.AssertionError: Invalid result of cos:  expected [0.96496602849211] but found [0.766044443118978]
	at com.epam.unittesting.tests.CosCalculatorTest.cosTest(CosCalculatorTest.java:13)
	at java.util.concurrent.FutureTask.run(FutureTask.java:266)
	at java.util.concurrent.ThreadPoolExecutor.runWorker(ThreadPoolExecutor.java:1149)
	at java.util.concurrent.ThreadPoolExecutor$Worker.run(ThreadPoolExecutor.java:624)
	at java.lang.Thread.run(Thread.java:748)
... Removed 20 stack frames</div></td></tr></table><p class="totop"><a href="#summary">back to summary</a></p><h2>testCtg</h2><h3 id="m46">com.epam.unittesting.tests.CtgCalculatorTest#ctgTest</h3><table class="result"><tr class="param"><th>Parameter #1</th><th>Parameter #2</th></tr><tr class="param stripe"><td>30.0</td><td>1.732</td></tr><tr><th colspan="2">Exception</th></tr><tr><td colspan="2"><div class="stacktrace">java.lang.AssertionError: Invalid result of ctangent:  expected [1.732] but found [0.4804727781564516]
	at com.epam.unittesting.tests.CtgCalculatorTest.ctgTest(CtgCalculatorTest.java:12)
	at java.util.concurrent.FutureTask.run(FutureTask.java:266)
	at java.util.concurrent.ThreadPoolExecutor.runWorker(ThreadPoolExecutor.java:1149)
	at java.util.concurrent.ThreadPoolExecutor$Worker.run(ThreadPoolExecutor.java:624)
	at java.lang.Thread.run(Thread.java:748)
... Removed 20 stack frames</div></td></tr></table><p class="totop"><a href="#summary">back to summary</a></p><h3 id="m47">com.epam.unittesting.tests.CtgCalculatorTest#ctgTest</h3><table class="result"><tr class="param"><th>Parameter #1</th><th>Parameter #2</th></tr><tr class="param stripe"><td>60.0</td><td>0.577</td></tr><tr><th colspan="2">Exception</th></tr><tr><td colspan="2"><div class="stacktrace">java.lang.AssertionError: Invalid result of ctangent:  expected [0.577] but found [0.7807144353592677]
	at com.epam.unittesting.tests.CtgCalculatorTest.ctgTest(CtgCalculatorTest.java:12)
	at java.util.concurrent.FutureTask.run(FutureTask.java:266)
	at java.util.concurrent.ThreadPoolExecutor.runWorker(ThreadPoolExecutor.java:1149)
	at java.util.concurrent.ThreadPoolExecutor$Worker.run(ThreadPoolExecutor.java:624)
	at java.lang.Thread.run(Thread.java:748)
... Removed 20 stack frames</div></td></tr></table><p class="totop"><a href="#summary">back to summary</a></p><h3 id="m48">com.epam.unittesting.tests.CtgCalculatorTest#ctgTest</h3><table class="result"><tr class="param"><th>Parameter #1</th><th>Parameter #2</th></tr><tr class="param stripe"><td>45</td><td>1</td></tr><tr><th colspan="2">Exception</th></tr><tr><td colspan="2"><div class="stacktrace">java.lang.AssertionError: Invalid result of ctangent:  expected [1.0] but found [0.6557942026326724]
	at com.epam.unittesting.tests.CtgCalculatorTest.ctgTest(CtgCalculatorTest.java:12)
	at java.util.concurrent.FutureTask.run(FutureTask.java:266)
	at java.util.concurrent.ThreadPoolExecutor.runWorker(ThreadPoolExecutor.java:1149)
	at java.util.concurrent.ThreadPoolExecutor$Worker.run(ThreadPoolExecutor.java:624)
	at java.lang.Thread.run(Thread.java:748)
... Removed 20 stack frames</div></td></tr></table><p class="totop"><a href="#summary">back to summary</a></p><h2>testDivision</h2><h3 id="m49">com.epam.unittesting.tests.DivDoubleCalculatorTest#divTest</h3><table class="result"><tr class="param"><th>Parameter #1</th><th>Parameter #2</th><th>Parameter #3</th></tr><tr class="param stripe"><td>0.0</td><td>0</td><td>0</td></tr><tr><th colspan="3">Exception</th></tr><tr><td colspan="3"><div class="stacktrace">java.lang.AssertionError: Invalid result of division:  expected [0.0] but found [NaN]
	at com.epam.unittesting.tests.DivDoubleCalculatorTest.divTest(DivDoubleCalculatorTest.java:15)
	at java.util.concurrent.FutureTask.run(FutureTask.java:266)
	at java.util.concurrent.ThreadPoolExecutor.runWorker(ThreadPoolExecutor.java:1149)
	at java.util.concurrent.ThreadPoolExecutor$Worker.run(ThreadPoolExecutor.java:624)
	at java.lang.Thread.run(Thread.java:748)
... Removed 20 stack frames</div></td></tr></table><p class="totop"><a href="#summary">back to summary</a></p><h3 id="m50">com.epam.unittesting.tests.DivDoubleCalculatorTest#divTest</h3><table class="result"><tr class="param"><th>Parameter #1</th><th>Parameter #2</th><th>Parameter #3</th></tr><tr class="param stripe"><td>4.2</td><td>0</td><td>0</td></tr><tr><th colspan="3">Exception</th></tr><tr><td colspan="3"><div class="stacktrace">java.lang.AssertionError: Invalid result of division:  expected [0.0] but found [Infinity]
	at com.epam.unittesting.tests.DivDoubleCalculatorTest.divTest(DivDoubleCalculatorTest.java:15)
	at java.util.concurrent.FutureTask.run(FutureTask.java:266)
	at java.util.concurrent.ThreadPoolExecutor.runWorker(ThreadPoolExecutor.java:1149)
	at java.util.concurrent.ThreadPoolExecutor$Worker.run(ThreadPoolExecutor.java:624)
	at java.lang.Thread.run(Thread.java:748)
... Removed 20 stack frames</div></td></tr></table><p class="totop"><a href="#summary">back to summary</a></p><h3 id="m51">com.epam.unittesting.tests.DivCalculatorTest#divTest</h3><table class="result"><tr class="param"><th>Parameter #1</th><th>Parameter #2</th><th>Parameter #3</th></tr><tr class="param stripe"><td>160</td><td>10</td><td>16</td></tr></table><p class="totop"><a href="#summary">back to summary</a></p><h3 id="m52">com.epam.unittesting.tests.DivCalculatorTest#divTest</h3><table class="result"><tr class="param"><th>Parameter #1</th><th>Parameter #2</th><th>Parameter #3</th></tr><tr class="param stripe"><td>25</td><td>5</td><td>5</td></tr></table><p class="totop"><a href="#summary">back to summary</a></p><h3 id="m53">com.epam.unittesting.tests.DivCalculatorTest#divTest</h3><table class="result"><tr class="param"><th>Parameter #1</th><th>Parameter #2</th><th>Parameter #3</th></tr><tr class="param stripe"><td>4</td><td>0</td><td>0</td></tr></table><p class="totop"><a href="#summary">back to summary</a></p><h3 id="m54">com.epam.unittesting.tests.DivCalculatorTest#divTest</h3><table class="result"><tr class="param"><th>Parameter #1</th><th>Parameter #2</th><th>Parameter #3</th></tr><tr class="param stripe"><td>0</td><td>0</td><td>0</td></tr></table><p class="totop"><a href="#summary">back to summary</a></p><h3 id="m55">com.epam.unittesting.tests.DivCalculatorTest#divTest</h3><table class="result"><tr class="param"><th>Parameter #1</th><th>Parameter #2</th><th>Parameter #3</th></tr><tr class="param stripe"><td>-150</td><td>-15</td><td>10</td></tr></table><p class="totop"><a href="#summary">back to summary</a></p><h3 id="m56">com.epam.unittesting.tests.DivCalculatorTest#divTest</h3><table class="result"><tr class="param"><th>Parameter #1</th><th>Parameter #2</th><th>Parameter #3</th></tr><tr class="param stripe"><td>0</td><td>4</td><td>0</td></tr></table><p class="totop"><a href="#summary">back to summary</a></p><h3 id="m57">com.epam.unittesting.tests.DivCalculatorTest#divTest</h3><table class="result"><tr class="param"><th>Parameter #1</th><th>Parameter #2</th><th>Parameter #3</th></tr><tr class="param stripe"><td>-150</td><td>15</td><td>-10</td></tr></table><p class="totop"><a href="#summary">back to summary</a></p><h3 id="m58">com.epam.unittesting.tests.DivDoubleCalculatorTest#divTest</h3><table class="result"><tr class="param"><th>Parameter #1</th><th>Parameter #2</th><th>Parameter #3</th></tr><tr class="param stripe"><td>-150</td><td>-15</td><td>10</td></tr></table><p class="totop"><a href="#summary">back to summary</a></p><h3 id="m59">com.epam.unittesting.tests.DivDoubleCalculatorTest#divTest</h3><table class="result"><tr class="param"><th>Parameter #1</th><th>Parameter #2</th><th>Parameter #3</th></tr><tr class="param stripe"><td>30.25</td><td>5.5</td><td>5.5</td></tr></table><p class="totop"><a href="#summary">back to summary</a></p><h3 id="m60">com.epam.unittesting.tests.DivDoubleCalculatorTest#divTest</h3><table class="result"><tr class="param"><th>Parameter #1</th><th>Parameter #2</th><th>Parameter #3</th></tr><tr class="param stripe"><td>151</td><td>-15.1</td><td>-10</td></tr></table><p class="totop"><a href="#summary">back to summary</a></p><h3 id="m61">com.epam.unittesting.tests.DivDoubleCalculatorTest#divTest</h3><table class="result"><tr class="param"><th>Parameter #1</th><th>Parameter #2</th><th>Parameter #3</th></tr><tr class="param stripe"><td>22.8006</td><td>4.78</td><td>4.77</td></tr></table><p class="totop"><a href="#summary">back to summary</a></p><h3 id="m62">com.epam.unittesting.tests.DivDoubleCalculatorTest#divTest</h3><table class="result"><tr class="param"><th>Parameter #1</th><th>Parameter #2</th><th>Parameter #3</th></tr><tr class="param stripe"><td>0</td><td>4</td><td>0</td></tr></table><p class="totop"><a href="#summary">back to summary</a></p><h3 id="m63">com.epam.unittesting.tests.DivDoubleCalculatorTest#divTest</h3><table class="result"><tr class="param"><th>Parameter #1</th><th>Parameter #2</th><th>Parameter #3</th></tr><tr class="param stripe"><td>2.2</td><td>2</td><td>1.1</td></tr></table><p class="totop"><a href="#summary">back to summary</a></p><h3 id="m64">com.epam.unittesting.tests.DivDoubleCalculatorTest#divTest</h3><table class="result"><tr class="param"><th>Parameter #1</th><th>Parameter #2</th><th>Parameter #3</th></tr><tr class="param stripe"><td>4.77</td><td>1</td><td>4.77</td></tr></table><p class="totop"><a href="#summary">back to summary</a></p><h2>testSin</h2><h3 id="m65">com.epam.unittesting.tests.SinCalculatorTest#sinTest</h3><table class="result"><tr class="param"><th>Parameter #1</th><th>Parameter #2</th></tr><tr class="param stripe"><td>90</td><td>1</td></tr></table><p class="totop"><a href="#summary">back to summary</a></p><h3 id="m66">com.epam.unittesting.tests.SinCalculatorTest#sinTest</h3><table class="result"><tr class="param"><th>Parameter #1</th><th>Parameter #2</th></tr><tr class="param stripe"><td>60</td><td>0.8660254037844386</td></tr></table><p class="totop"><a href="#summary">back to summary</a></p><h3 id="m67">com.epam.unittesting.tests.SinCalculatorTest#sinTest</h3><table class="result"><tr class="param"><th>Parameter #1</th><th>Parameter #2</th></tr><tr class="param stripe"><td>45</td><td>0.7071067811865475</td></tr></table><p class="totop"><a href="#summary">back to summary</a></p><h2>testPow</h2><h3 id="m68">com.epam.unittesting.tests.PowCalculatorTest#powTest</h3><table class="result"><tr class="param"><th>Parameter #1</th><th>Parameter #2</th><th>Parameter #3</th></tr><tr class="param stripe"><td>-2.2</td><td>1.1</td><td>-2.2</td></tr></table><p class="totop"><a href="#summary">back to summary</a></p><h3 id="m69">com.epam.unittesting.tests.PowCalculatorTest#powTest</h3><table class="result"><tr class="param"><th>Parameter #1</th><th>Parameter #2</th><th>Parameter #3</th></tr><tr class="param stripe"><td>2</td><td>0</td><td>1</td></tr></table><p class="totop"><a href="#summary">back to summary</a></p><h3 id="m70">com.epam.unittesting.tests.PowCalculatorTest#powTest</h3><table class="result"><tr class="param"><th>Parameter #1</th><th>Parameter #2</th><th>Parameter #3</th></tr><tr class="param stripe"><td>0</td><td>3</td><td>0</td></tr></table><p class="totop"><a href="#summary">back to summary</a></p><h3 id="m71">com.epam.unittesting.tests.PowCalculatorTest#powTest</h3><table class="result"><tr class="param"><th>Parameter #1</th><th>Parameter #2</th><th>Parameter #3</th></tr><tr class="param stripe"><td>3</td><td>2</td><td>9</td></tr></table><p class="totop"><a href="#summary">back to summary</a></p><h3 id="m72">com.epam.unittesting.tests.PowCalculatorTest#powTest</h3><table class="result"><tr class="param"><th>Parameter #1</th><th>Parameter #2</th><th>Parameter #3</th></tr><tr class="param stripe"><td>2.2</td><td>1.1</td><td>2.2</td></tr></table><p class="totop"><a href="#summary">back to summary</a></p><h3 id="m73">com.epam.unittesting.tests.PowCalculatorTest#powTest</h3><table class="result"><tr class="param"><th>Parameter #1</th><th>Parameter #2</th><th>Parameter #3</th></tr><tr class="param stripe"><td>2</td><td>3</td><td>8</td></tr></table><p class="totop"><a href="#summary">back to summary</a></p><h3 id="m74">com.epam.unittesting.tests.PowCalculatorTest#powTest</h3><table class="result"><tr class="param"><th>Parameter #1</th><th>Parameter #2</th><th>Parameter #3</th></tr><tr class="param stripe"><td>5</td><td>2</td><td>25</td></tr></table><p class="totop"><a href="#summary">back to summary</a></p><h2>testIsPositive</h2><h3 id="m75">com.epam.unittesting.tests.IsPositiveCalculatorTest#isPositiveTest</h3><table class="result"><tr class="param"><th>Parameter #1</th></tr><tr class="param stripe"><td>0</td></tr><tr><th>Exception</th></tr><tr><td><div class="stacktrace">java.lang.AssertionError: expected [true] but found [false]
	at com.epam.unittesting.tests.IsPositiveCalculatorTest.isPositiveTest(IsPositiveCalculatorTest.java:12)
	at java.util.concurrent.FutureTask.run(FutureTask.java:266)
	at java.util.concurrent.ThreadPoolExecutor.runWorker(ThreadPoolExecutor.java:1149)
	at java.util.concurrent.ThreadPoolExecutor$Worker.run(ThreadPoolExecutor.java:624)
	at java.lang.Thread.run(Thread.java:748)
... Removed 20 stack frames</div></td></tr></table><p class="totop"><a href="#summary">back to summary</a></p><h3 id="m76">com.epam.unittesting.tests.IsPositiveCalculatorTest#isPositiveTest</h3><table class="result"><tr class="param"><th>Parameter #1</th></tr><tr class="param stripe"><td>-1</td></tr><tr><th>Exception</th></tr><tr><td><div class="stacktrace">java.lang.AssertionError: expected [true] but found [false]
	at com.epam.unittesting.tests.IsPositiveCalculatorTest.isPositiveTest(IsPositiveCalculatorTest.java:12)
	at java.util.concurrent.FutureTask.run(FutureTask.java:266)
	at java.util.concurrent.ThreadPoolExecutor.runWorker(ThreadPoolExecutor.java:1149)
	at java.util.concurrent.ThreadPoolExecutor$Worker.run(ThreadPoolExecutor.java:624)
	at java.lang.Thread.run(Thread.java:748)
... Removed 20 stack frames</div></td></tr></table><p class="totop"><a href="#summary">back to summary</a></p><h3 id="m77">com.epam.unittesting.tests.IsPositiveCalculatorTest#isPositiveTest</h3><table class="result"><tr class="param"><th>Parameter #1</th></tr><tr class="param stripe"><td>1</td></tr></table><p class="totop"><a href="#summary">back to summary</a></p><h2>testIsNegative</h2><h3 id="m78">com.epam.unittesting.tests.IsNegativeCalculatorTest#isNegativeTest</h3><table class="result"><tr class="param"><th>Parameter #1</th></tr><tr class="param stripe"><td>0</td></tr><tr><th>Exception</th></tr><tr><td><div class="stacktrace">java.lang.AssertionError: expected [true] but found [false]
	at com.epam.unittesting.tests.IsNegativeCalculatorTest.isNegativeTest(IsNegativeCalculatorTest.java:13)
	at java.util.concurrent.FutureTask.run(FutureTask.java:266)
	at java.util.concurrent.ThreadPoolExecutor.runWorker(ThreadPoolExecutor.java:1149)
	at java.util.concurrent.ThreadPoolExecutor$Worker.run(ThreadPoolExecutor.java:624)
	at java.lang.Thread.run(Thread.java:748)
... Removed 20 stack frames</div></td></tr></table><p class="totop"><a href="#summary">back to summary</a></p><h3 id="m79">com.epam.unittesting.tests.IsNegativeCalculatorTest#isNegativeTest</h3><table class="result"><tr class="param"><th>Parameter #1</th></tr><tr class="param stripe"><td>11</td></tr><tr><th>Exception</th></tr><tr><td><div class="stacktrace">java.lang.AssertionError: expected [true] but found [false]
	at com.epam.unittesting.tests.IsNegativeCalculatorTest.isNegativeTest(IsNegativeCalculatorTest.java:13)
	at java.util.concurrent.FutureTask.run(FutureTask.java:266)
	at java.util.concurrent.ThreadPoolExecutor.runWorker(ThreadPoolExecutor.java:1149)
	at java.util.concurrent.ThreadPoolExecutor$Worker.run(ThreadPoolExecutor.java:624)
	at java.lang.Thread.run(Thread.java:748)
... Removed 20 stack frames</div></td></tr></table><p class="totop"><a href="#summary">back to summary</a></p><h3 id="m80">com.epam.unittesting.tests.IsNegativeCalculatorTest#isNegativeTest</h3><table class="result"><tr class="param"><th>Parameter #1</th></tr><tr class="param stripe"><td>-1</td></tr></table><p class="totop"><a href="#summary">back to summary</a></p><h2>testSubtraction</h2><h3 id="m81">com.epam.unittesting.tests.SubDoubleCalculatorTest#subDoubleTest</h3><table class="result"><tr class="param"><th>Parameter #1</th><th>Parameter #2</th><th>Parameter #3</th></tr><tr class="param stripe"><td>100.1</td><td>64.0</td><td>36.1</td></tr><tr><th colspan="3">Exception</th></tr><tr><td colspan="3"><div class="stacktrace">java.lang.AssertionError: Invalid result of subtraction:  expected [36.1] but found [36.099999999999994]
	at com.epam.unittesting.tests.SubDoubleCalculatorTest.subDoubleTest(SubDoubleCalculatorTest.java:13)
	at java.util.concurrent.FutureTask.run(FutureTask.java:266)
	at java.util.concurrent.ThreadPoolExecutor.runWorker(ThreadPoolExecutor.java:1149)
	at java.util.concurrent.ThreadPoolExecutor$Worker.run(ThreadPoolExecutor.java:624)
	at java.lang.Thread.run(Thread.java:748)
... Removed 20 stack frames</div></td></tr></table><p class="totop"><a href="#summary">back to summary</a></p><h3 id="m82">com.epam.unittesting.tests.SubDoubleCalculatorTest#subDoubleTest</h3><table class="result"><tr class="param"><th>Parameter #1</th><th>Parameter #2</th><th>Parameter #3</th></tr><tr class="param stripe"><td>100.4</td><td>64.0</td><td>36.4</td></tr><tr><th colspan="3">Exception</th></tr><tr><td colspan="3"><div class="stacktrace">java.lang.AssertionError: Invalid result of subtraction:  expected [36.4] but found [36.400000000000006]
	at com.epam.unittesting.tests.SubDoubleCalculatorTest.subDoubleTest(SubDoubleCalculatorTest.java:13)
	at java.util.concurrent.FutureTask.run(FutureTask.java:266)
	at java.util.concurrent.ThreadPoolExecutor.runWorker(ThreadPoolExecutor.java:1149)
	at java.util.concurrent.ThreadPoolExecutor$Worker.run(ThreadPoolExecutor.java:624)
	at java.lang.Thread.run(Thread.java:748)
... Removed 20 stack frames</div></td></tr></table><p class="totop"><a href="#summary">back to summary</a></p><h3 id="m83">com.epam.unittesting.tests.SubDoubleCalculatorTest#subDoubleTest</h3><table class="result"><tr class="param"><th>Parameter #1</th><th>Parameter #2</th><th>Parameter #3</th></tr><tr class="param stripe"><td>100.9</td><td>64.0</td><td>36.9</td></tr><tr><th colspan="3">Exception</th></tr><tr><td colspan="3"><div class="stacktrace">java.lang.AssertionError: Invalid result of subtraction:  expected [36.9] but found [36.900000000000006]
	at com.epam.unittesting.tests.SubDoubleCalculatorTest.subDoubleTest(SubDoubleCalculatorTest.java:13)
	at java.util.concurrent.FutureTask.run(FutureTask.java:266)
	at java.util.concurrent.ThreadPoolExecutor.runWorker(ThreadPoolExecutor.java:1149)
	at java.util.concurrent.ThreadPoolExecutor$Worker.run(ThreadPoolExecutor.java:624)
	at java.lang.Thread.run(Thread.java:748)
... Removed 20 stack frames</div></td></tr></table><p class="totop"><a href="#summary">back to summary</a></p><h3 id="m84">com.epam.unittesting.tests.SubDoubleCalculatorTest#subDoubleTest</h3><table class="result"><tr class="param"><th>Parameter #1</th><th>Parameter #2</th><th>Parameter #3</th></tr><tr class="param stripe"><td>100.6</td><td>64.0</td><td>36.6</td></tr><tr><th colspan="3">Exception</th></tr><tr><td colspan="3"><div class="stacktrace">java.lang.AssertionError: Invalid result of subtraction:  expected [36.6] but found [36.599999999999994]
	at com.epam.unittesting.tests.SubDoubleCalculatorTest.subDoubleTest(SubDoubleCalculatorTest.java:13)
	at java.util.concurrent.FutureTask.run(FutureTask.java:266)
	at java.util.concurrent.ThreadPoolExecutor.runWorker(ThreadPoolExecutor.java:1149)
	at java.util.concurrent.ThreadPoolExecutor$Worker.run(ThreadPoolExecutor.java:624)
	at java.lang.Thread.run(Thread.java:748)
... Removed 20 stack frames</div></td></tr></table><p class="totop"><a href="#summary">back to summary</a></p><h3 id="m85">com.epam.unittesting.tests.SubDoubleCalculatorTest#subDoubleTest</h3><table class="result"><tr class="param"><th>Parameter #1</th><th>Parameter #2</th><th>Parameter #3</th></tr><tr class="param stripe"><td>100.01</td><td>64</td><td>36.01</td></tr><tr><th colspan="3">Exception</th></tr><tr><td colspan="3"><div class="stacktrace">java.lang.AssertionError: Invalid result of subtraction:  expected [36.01] but found [36.010000000000005]
	at com.epam.unittesting.tests.SubDoubleCalculatorTest.subDoubleTest(SubDoubleCalculatorTest.java:13)
	at java.util.concurrent.FutureTask.run(FutureTask.java:266)
	at java.util.concurrent.ThreadPoolExecutor.runWorker(ThreadPoolExecutor.java:1149)
	at java.util.concurrent.ThreadPoolExecutor$Worker.run(ThreadPoolExecutor.java:624)
	at java.lang.Thread.run(Thread.java:748)
... Removed 20 stack frames</div></td></tr></table><p class="totop"><a href="#summary">back to summary</a></p><h3 id="m86">com.epam.unittesting.tests.SubCalculatorTest#subTest</h3><table class="result"><tr class="param"><th>Parameter #1</th><th>Parameter #2</th><th>Parameter #3</th></tr><tr class="param stripe"><td>15</td><td>15</td><td>0</td></tr></table><p class="totop"><a href="#summary">back to summary</a></p><h3 id="m87">com.epam.unittesting.tests.SubCalculatorTest#subTest</h3><table class="result"><tr class="param"><th>Parameter #1</th><th>Parameter #2</th><th>Parameter #3</th></tr><tr class="param stripe"><td>16</td><td>15</td><td>1</td></tr></table><p class="totop"><a href="#summary">back to summary</a></p><h3 id="m88">com.epam.unittesting.tests.SubCalculatorTest#subTest</h3><table class="result"><tr class="param"><th>Parameter #1</th><th>Parameter #2</th><th>Parameter #3</th></tr><tr class="param stripe"><td>10</td><td>-15</td><td>25</td></tr></table><p class="totop"><a href="#summary">back to summary</a></p><h3 id="m89">com.epam.unittesting.tests.SubCalculatorTest#subTest</h3><table class="result"><tr class="param"><th>Parameter #1</th><th>Parameter #2</th><th>Parameter #3</th></tr><tr class="param stripe"><td>-10</td><td>-15</td><td>5</td></tr></table><p class="totop"><a href="#summary">back to summary</a></p><h3 id="m90">com.epam.unittesting.tests.SubCalculatorTest#subTest</h3><table class="result"><tr class="param"><th>Parameter #1</th><th>Parameter #2</th><th>Parameter #3</th></tr><tr class="param stripe"><td>-10</td><td>15</td><td>-25</td></tr></table><p class="totop"><a href="#summary">back to summary</a></p><h3 id="m91">com.epam.unittesting.tests.SubDoubleCalculatorTest#subDoubleTest</h3><table class="result"><tr class="param"><th>Parameter #1</th><th>Parameter #2</th><th>Parameter #3</th></tr><tr class="param stripe"><td>214.5</td><td>305.5</td><td>-91</td></tr></table><p class="totop"><a href="#summary">back to summary</a></p><h3 id="m92">com.epam.unittesting.tests.SubDoubleCalculatorTest#subDoubleTest</h3><table class="result"><tr class="param"><th>Parameter #1</th><th>Parameter #2</th><th>Parameter #3</th></tr><tr class="param stripe"><td>25.9</td><td>14.7</td><td>11.2</td></tr></table><p class="totop"><a href="#summary">back to summary</a></p><h3 id="m93">com.epam.unittesting.tests.SubDoubleCalculatorTest#subDoubleTest</h3><table class="result"><tr class="param"><th>Parameter #1</th><th>Parameter #2</th><th>Parameter #3</th></tr><tr class="param stripe"><td>75.45</td><td>25.34</td><td>50.11</td></tr></table><p class="totop"><a href="#summary">back to summary</a></p></body></html>